INFO:root:MLE loglikelihood
INFO:root:MLE start fiting
INFO:root:MLE loglikelihood
INFO:root:[0.0], -37.42994775023703
INFO:root:[5, 8, 9, 9, 9, 10]
INFO:root:MLE start fiting
INFO:root:MLE loglikelihood
INFO:root:[0.055550000000000002], -50.59601632791208
INFO:root:MLE start fiting
INFO:root:MLE loglikelihood
INFO:root:[0.087889999999999996], -45.73655858266521
INFO:root:MLE start fiting
INFO:root:MLE loglikelihood
INFO:root:[0.0], -40.89568365303676
INFO:root:[5, 6, 7, 8, 9, 10]
INFO:root:MLE start fiting
INFO:root:MLE loglikelihood
INFO:root:[0.044609999999999997], -51062.009475972205
INFO:root:[7506, 11167, 13040, 13907, 14405, 14617, 14712, 14764, 14785, 14801, 14804, 14808, 14811, 14811, 14811, 14812]
INFO:root:MLE start fiting
INFO:root:MLE loglikelihood
INFO:root:[0.043130000000000002], -47937.460689869105
INFO:root:[7459, 11082, 12938, 13883, 14352, 14596, 14711, 14751, 14780, 14795, 14800, 14808, 14809, 14812]
INFO:root:MLE start fiting
INFO:root:MLE loglikelihood
INFO:root:[-1.0563899999999999, 1.54992], -30573.572459543895
INFO:root:[3057, 5345, 7142, 8518, 9533, 10412, 11132, 11677, 12129, 12529, 12823, 13097, 13325, 13571]
